<?xml version="1.0" encoding="UTF-8"?>
<testng-results ignored="0" total="1" passed="0" failed="1" skipped="0">
  <reporter-output>
  </reporter-output>
  <suite started-at="2022-07-04T20:03:32 CDT" name="Suite" finished-at="2022-07-04T20:03:40 CDT" duration-ms="7937">
    <groups>
    </groups>
    <test started-at="2022-07-04T20:03:32 CDT" name="Test" finished-at="2022-07-04T20:03:40 CDT" duration-ms="7937">
      <class name="com.Autotest.LoadTest01">
        <test-method is-config="true" signature="beforeClass()[pri:0, instance:com.Autotest.LoadTest01@243c4f91]" started-at="2022-07-04T20:03:32 CDT" name="beforeClass" finished-at="2022-07-04T20:03:35 CDT" duration-ms="3130" status="PASS">
          <reporter-output>
          </reporter-output>
        </test-method> <!-- beforeClass -->
        <test-method signature="verifySearchButton()[pri:0, instance:com.Autotest.LoadTest01@243c4f91]" started-at="2022-07-04T20:03:35 CDT" name="verifySearchButton" finished-at="2022-07-04T20:03:39 CDT" duration-ms="4400" status="FAIL">
          <exception class="java.lang.AssertionError">
            <message>
              <![CDATA[Text not found! expected [Buscar con Googl] but found [Buscar con Google]]]>
            </message>
            <full-stacktrace>
              <![CDATA[java.lang.AssertionError: Text not found! expected [Buscar con Googl] but found [Buscar con Google]
at org.testng.Assert.fail(Assert.java:99)
at org.testng.Assert.failNotEquals(Assert.java:1037)
at org.testng.Assert.assertEqualsImpl(Assert.java:140)
at org.testng.Assert.assertEquals(Assert.java:122)
at org.testng.Assert.assertEquals(Assert.java:629)
at com.Autotest.LoadTest01.verifySearchButton(LoadTest01.java:54)
at java.base/jdk.internal.reflect.DirectMethodHandleAccessor.invoke(DirectMethodHandleAccessor.java:104)
at java.base/java.lang.reflect.Method.invoke(Method.java:577)
at org.testng.internal.MethodInvocationHelper.invokeMethod(MethodInvocationHelper.java:133)
at org.testng.internal.TestInvoker.invokeMethod(TestInvoker.java:598)
at org.testng.internal.TestInvoker.invokeTestMethod(TestInvoker.java:173)
at org.testng.internal.MethodRunner.runInSequence(MethodRunner.java:46)
at org.testng.internal.TestInvoker$MethodInvocationAgent.invoke(TestInvoker.java:824)
at org.testng.internal.TestInvoker.invokeTestMethods(TestInvoker.java:146)
at org.testng.internal.TestMethodWorker.invokeTestMethods(TestMethodWorker.java:146)
at org.testng.internal.TestMethodWorker.run(TestMethodWorker.java:128)
at java.base/java.util.ArrayList.forEach(ArrayList.java:1511)
at org.testng.TestRunner.privateRun(TestRunner.java:794)
at org.testng.TestRunner.run(TestRunner.java:596)
at org.testng.SuiteRunner.runTest(SuiteRunner.java:377)
at org.testng.SuiteRunner.runSequentially(SuiteRunner.java:371)
at org.testng.SuiteRunner.privateRun(SuiteRunner.java:332)
at org.testng.SuiteRunner.run(SuiteRunner.java:276)
at org.testng.SuiteRunnerWorker.runSuite(SuiteRunnerWorker.java:53)
at org.testng.SuiteRunnerWorker.run(SuiteRunnerWorker.java:96)
at org.testng.TestNG.runSuitesSequentially(TestNG.java:1212)
at org.testng.TestNG.runSuitesLocally(TestNG.java:1134)
at org.testng.TestNG.runSuites(TestNG.java:1063)
at org.testng.TestNG.run(TestNG.java:1031)
at org.testng.remote.AbstractRemoteTestNG.run(AbstractRemoteTestNG.java:115)
at org.testng.remote.RemoteTestNG.initAndRun(RemoteTestNG.java:251)
at org.testng.remote.RemoteTestNG.main(RemoteTestNG.java:77)
]]>
            </full-stacktrace>
          </exception> <!-- java.lang.AssertionError -->
          <reporter-output>
          </reporter-output>
        </test-method> <!-- verifySearchButton -->
        <test-method is-config="true" signature="afterClass()[pri:0, instance:com.Autotest.LoadTest01@243c4f91]" started-at="2022-07-04T20:03:39 CDT" name="afterClass" finished-at="2022-07-04T20:03:40 CDT" duration-ms="356" status="PASS">
          <reporter-output>
          </reporter-output>
        </test-method> <!-- afterClass -->
      </class> <!-- com.Autotest.LoadTest01 -->
    </test> <!-- Test -->
  </suite> <!-- Suite -->
</testng-results>
